<?xml version="1.0" encoding="utf-8"?><testsuites name="pytest tests"><testsuite name="pytest" errors="0" failures="0" skipped="1" tests="12" time="1.904" timestamp="2026-06-25T13:00:16.066921+00:00" hostname="agent-env-201faf7e-286a-4e7c-bb53-f447ba6f47c2"><testcase classname="backend.tests.test_applications_disabled.TestApplicationsDisabled" name="test_initial_applications_table_empty" time="0.446" /><testcase classname="backend.tests.test_applications_disabled.TestApplicationsDisabled" name="test_initial_stats_zero" time="0.049" /><testcase classname="backend.tests.test_applications_disabled.TestApplicationsDisabled" name="test_post_valid_application_returns_success_but_no_persistence" time="0.602" /><testcase classname="backend.tests.test_applications_disabled.TestApplicationsDisabled" name="test_multiple_submissions_dont_persist" time="0.239" /><testcase classname="backend.tests.test_applications_disabled.TestApplicationsValidation" name="test_missing_required_field_returns_400[lastName-\u0444\u0430\u043c\u0438\u043b]" time="0.053" /><testcase classname="backend.tests.test_applications_disabled.TestApplicationsValidation" name="test_missing_required_field_returns_400[firstName-\u0438\u043c\u044f]" time="0.052" /><testcase classname="backend.tests.test_applications_disabled.TestApplicationsValidation" name="test_missing_required_field_returns_400[patronymic-\u043e\u0442\u0447\u0435\u0441\u0442\u0432\u043e]" time="0.049" /><testcase classname="backend.tests.test_applications_disabled.TestApplicationsValidation" name="test_missing_required_field_returns_400[phone-\u0442\u0435\u043b\u0435\u0444\u043e\u043d]" time="0.049" /><testcase classname="backend.tests.test_applications_disabled.TestApplicationsValidation" name="test_missing_required_field_returns_400[problem-\u043f\u0440\u043e\u0431\u043b\u0435\u043c]" time="0.046" /><testcase classname="backend.tests.test_applications_disabled.TestContactMessagesStillWork" name="test_contact_persists" time="0.110"><skipped type="pytest.skip" message="Contact endpoint rate-limited; skipping persistence check">/app/backend/tests/test_applications_disabled.py:170: Contact endpoint rate-limited; skipping persistence check</skipped></testcase><testcase classname="backend.tests.test_applications_disabled.TestFinalState" name="test_apps_table_still_empty" time="0.049" /><testcase classname="backend.tests.test_applications_disabled.TestFinalState" name="test_stats_still_zero" time="0.050" /></testsuite></testsuites>