<?xml version="1.0" encoding="utf-8"?><testsuites name="pytest tests"><testsuite name="pytest" errors="0" failures="0" skipped="0" tests="21" time="5.447" timestamp="2026-02-26T11:32:01.837212+00:00" hostname="agent-env-e9f0f4a4-4a0a-4001-9bca-20ab84d90c76"><testcase classname="backend.tests.test_gallery_video.TestGalleryVideoAPIs" name="test_public_gallery_photos_endpoint" time="0.276" /><testcase classname="backend.tests.test_gallery_video.TestGalleryVideoAPIs" name="test_public_gallery_videos_endpoint" time="0.109" /><testcase classname="backend.tests.test_gallery_video.TestGalleryVideoAPIs" name="test_seo_foto_galereya_endpoint" time="0.108" /><testcase classname="backend.tests.test_gallery_video.TestGalleryVideoAPIs" name="test_seo_video_endpoint" time="0.119" /><testcase classname="backend.tests.test_gallery_video.TestGalleryVideoAPIs" name="test_admin_login" time="0.384" /><testcase classname="backend.tests.test_gallery_video.TestGalleryVideoAPIs" name="test_admin_get_gallery_photos" time="0.456" /><testcase classname="backend.tests.test_gallery_video.TestGalleryVideoAPIs" name="test_admin_create_gallery_photo" time="0.224" /><testcase classname="backend.tests.test_gallery_video.TestGalleryVideoAPIs" name="test_admin_update_gallery_photo" time="0.226" /><testcase classname="backend.tests.test_gallery_video.TestGalleryVideoAPIs" name="test_admin_delete_gallery_photo" time="0.343" /><testcase classname="backend.tests.test_gallery_video.TestGalleryVideoAPIs" name="test_admin_gallery_photos_requires_auth" time="0.098" /><testcase classname="backend.tests.test_gallery_video.TestGalleryVideoAPIs" name="test_admin_get_gallery_videos" time="0.111" /><testcase classname="backend.tests.test_gallery_video.TestGalleryVideoAPIs" name="test_admin_create_gallery_video" time="0.216" /><testcase classname="backend.tests.test_gallery_video.TestGalleryVideoAPIs" name="test_admin_update_gallery_video" time="0.203" /><testcase classname="backend.tests.test_gallery_video.TestGalleryVideoAPIs" name="test_admin_delete_gallery_video" time="0.310" /><testcase classname="backend.tests.test_gallery_video.TestGalleryVideoAPIs" name="test_admin_gallery_videos_requires_auth" time="0.238" /><testcase classname="backend.tests.test_gallery_video.TestGalleryVideoAPIs" name="test_admin_seo_has_gallery_video_entries" time="0.119" /><testcase classname="backend.tests.test_gallery_video.TestGalleryVideoAPIs" name="test_admin_update_seo_foto_galereya" time="0.107" /><testcase classname="backend.tests.test_gallery_video.TestGalleryVideoAPIs" name="test_admin_update_seo_video" time="0.118" /><testcase classname="backend.tests.test_gallery_video.TestGalleryVideoAPIs" name="test_public_api_filters_unpublished_photos" time="0.340" /><testcase classname="backend.tests.test_gallery_video.TestGalleryVideoAPIs" name="test_public_api_filters_unpublished_videos" time="0.351" /><testcase classname="backend.tests.test_gallery_video.TestGalleryVideoAPIs" name="test_photos_sorted_by_order" time="0.807" /></testsuite></testsuites>