<?xml version="1.0" encoding="utf-8"?><testsuites name="pytest tests"><testsuite name="pytest" errors="0" failures="0" skipped="0" tests="12" time="3.753" timestamp="2026-07-02T10:03:35.279343+00:00" hostname="agent-env-201faf7e-286a-4e7c-bb53-f447ba6f47c2"><testcase classname="backend.tests.test_smoke_iter21.TestPublicSmoke" name="test_home_html_200" time="0.296" /><testcase classname="backend.tests.test_smoke_iter21.TestPublicSmoke" name="test_topic_page" time="0.172" /><testcase classname="backend.tests.test_smoke_iter21.TestPublicSmoke" name="test_participants_count_8" time="0.184" /><testcase classname="backend.tests.test_smoke_iter21.TestPublicSmoke" name="test_reviews_count_40" time="0.169" /><testcase classname="backend.tests.test_smoke_iter21.TestPublicSmoke" name="test_settings_popup_phone" time="0.182" /><testcase classname="backend.tests.test_smoke_iter21.TestPublicSmoke" name="test_vcard_contains_phone" time="0.170" /><testcase classname="backend.tests.test_smoke_iter21.TestPublicSmoke" name="test_participant_page_route" time="0.135" /><testcase classname="backend.tests.test_smoke_iter21.TestApplications" name="test_validation_missing_lastname" time="0.194" /><testcase classname="backend.tests.test_smoke_iter21.TestApplications" name="test_submit_success_but_not_persisted" time="1.793" /><testcase classname="backend.tests.test_smoke_iter21.TestAdmin" name="test_admin_login" time="0.000" /><testcase classname="backend.tests.test_smoke_iter21.TestAdmin" name="test_admin_dashboard_zero_apps" time="0.140" /><testcase classname="backend.tests.test_smoke_iter21.TestAdmin" name="test_admin_requires_token" time="0.131" /></testsuite></testsuites>