<?xml version="1.0" encoding="utf-8"?><testsuites name="pytest tests"><testsuite name="pytest" errors="0" failures="0" skipped="0" tests="12" time="1.618" timestamp="2026-06-26T09:07:10.559767+00:00" hostname="agent-env-201faf7e-286a-4e7c-bb53-f447ba6f47c2"><testcase classname="backend.tests.test_smoke_iter21.TestPublicSmoke" name="test_home_html_200" time="0.138" /><testcase classname="backend.tests.test_smoke_iter21.TestPublicSmoke" name="test_topic_page" time="0.131" /><testcase classname="backend.tests.test_smoke_iter21.TestPublicSmoke" name="test_participants_count_8" time="0.105" /><testcase classname="backend.tests.test_smoke_iter21.TestPublicSmoke" name="test_reviews_count_40" time="0.124" /><testcase classname="backend.tests.test_smoke_iter21.TestPublicSmoke" name="test_settings_popup_phone" time="0.097" /><testcase classname="backend.tests.test_smoke_iter21.TestPublicSmoke" name="test_vcard_contains_phone" time="0.093" /><testcase classname="backend.tests.test_smoke_iter21.TestPublicSmoke" name="test_participant_page_route" time="0.105" /><testcase classname="backend.tests.test_smoke_iter21.TestApplications" name="test_validation_missing_lastname" time="0.099" /><testcase classname="backend.tests.test_smoke_iter21.TestApplications" name="test_submit_success_but_not_persisted" time="0.463" /><testcase classname="backend.tests.test_smoke_iter21.TestAdmin" name="test_admin_login" time="0.000" /><testcase classname="backend.tests.test_smoke_iter21.TestAdmin" name="test_admin_dashboard_zero_apps" time="0.107" /><testcase classname="backend.tests.test_smoke_iter21.TestAdmin" name="test_admin_requires_token" time="0.096" /></testsuite></testsuites>