<?xml version="1.0" encoding="utf-8"?><testsuites name="pytest tests"><testsuite name="pytest" errors="0" failures="0" skipped="0" tests="6" time="4.061" timestamp="2026-06-25T13:16:56.593673+00:00" hostname="agent-env-201faf7e-286a-4e7c-bb53-f447ba6f47c2"><testcase classname="backend.tests.test_popup_phone.TestSettingsPublic" name="test_get_settings_returns_popup_phone_field" time="0.305" /><testcase classname="backend.tests.test_popup_phone.TestPopupPhoneFlow" name="test_admin_update_popup_phone_persists_and_public_reflects" time="0.809" /><testcase classname="backend.tests.test_popup_phone.TestPopupPhoneFlow" name="test_vcard_endpoint_uses_popup_phone" time="0.290" /><testcase classname="backend.tests.test_popup_phone.TestPopupPhoneFlow" name="test_empty_popup_phone_vcard_falls_back_to_default" time="0.474" /><testcase classname="backend.tests.test_popup_phone.TestPopupPhoneFlow" name="test_restore_test_value" time="0.154" /><testcase classname="backend.tests.test_popup_phone.TestApplicationsEndpoint" name="test_applications_post_returns_success" time="1.565" /></testsuite></testsuites>