<?xml version="1.0" encoding="utf-8"?><testsuites name="pytest tests"><testsuite name="pytest" errors="0" failures="0" skipped="0" tests="13" time="5.878" timestamp="2026-02-25T15:37:11.667746+00:00" hostname="agent-env-5d847d06-3e16-467f-aec2-382aaa0d3a7c"><testcase classname="backend.tests.test_new_form.TestNewApplicationForm" name="test_application_with_new_fields_success" time="0.223" /><testcase classname="backend.tests.test_new_form.TestNewApplicationForm" name="test_application_validation_missing_lastName" time="0.212" /><testcase classname="backend.tests.test_new_form.TestNewApplicationForm" name="test_application_validation_missing_firstName" time="0.125" /><testcase classname="backend.tests.test_new_form.TestNewApplicationForm" name="test_application_validation_missing_patronymic" time="0.202" /><testcase classname="backend.tests.test_new_form.TestNewApplicationForm" name="test_application_validation_missing_phone" time="0.414" /><testcase classname="backend.tests.test_new_form.TestNewApplicationForm" name="test_application_validation_missing_problem" time="0.247" /><testcase classname="backend.tests.test_new_form.TestNewApplicationForm" name="test_application_optional_fields" time="0.134" /><testcase classname="backend.tests.test_new_form.TestNewApplicationForm" name="test_honeypot_blocks_spam" time="0.146" /><testcase classname="backend.tests.test_new_form.TestAdminApplicationsWithNewFields" name="test_admin_login_with_new_credentials" time="0.399" /><testcase classname="backend.tests.test_new_form.TestAdminApplicationsWithNewFields" name="test_applications_list_has_new_fields" time="0.722" /><testcase classname="backend.tests.test_new_form.TestAdminApplicationsWithNewFields" name="test_applications_have_backward_compatible_name" time="0.634" /><testcase classname="backend.tests.test_new_form.TestCSVExportWithNewFields" name="test_csv_export_has_new_columns" time="0.692" /><testcase classname="backend.tests.test_new_form.TestCleanup" name="test_cleanup_test_applications" time="1.556" /></testsuite></testsuites>