<?xml version="1.0" encoding="utf-8"?><testsuites name="pytest tests"><testsuite name="pytest" errors="0" failures="0" skipped="0" tests="15" time="5.718" timestamp="2026-02-25T14:17:40.991324+00:00" hostname="agent-env-5d847d06-3e16-467f-aec2-382aaa0d3a7c"><testcase classname="backend.tests.test_new_features.TestCSVExport" name="test_csv_export_endpoint" time="0.614" /><testcase classname="backend.tests.test_new_features.TestCSVExport" name="test_csv_export_requires_auth" time="0.118" /><testcase classname="backend.tests.test_new_features.TestEmailNotificationsSettings" name="test_get_settings_includes_email_fields" time="0.513" /><testcase classname="backend.tests.test_new_features.TestEmailNotificationsSettings" name="test_update_email_notification_settings" time="0.464" /><testcase classname="backend.tests.test_new_features.TestEmailNotificationsSettings" name="test_disable_email_notifications" time="0.673" /><testcase classname="backend.tests.test_new_features.TestPhotoUpload" name="test_upload_valid_image" time="0.528" /><testcase classname="backend.tests.test_new_features.TestPhotoUpload" name="test_upload_requires_auth" time="0.108" /><testcase classname="backend.tests.test_new_features.TestPhotoUpload" name="test_uploaded_file_is_accessible" time="0.648" /><testcase classname="backend.tests.test_new_features.TestApplicationsFiltering" name="test_get_applications_with_status_field" time="0.498" /><testcase classname="backend.tests.test_new_features.TestApplicationsFiltering" name="test_update_application_status" time="0.758" /><testcase classname="backend.tests.test_new_features.TestPublicPagesRoutes" name="test_participants_endpoint" time="0.135" /><testcase classname="backend.tests.test_new_features.TestPublicPagesRoutes" name="test_reviews_endpoint" time="0.127" /><testcase classname="backend.tests.test_new_features.TestPublicPagesRoutes" name="test_faq_endpoint" time="0.155" /><testcase classname="backend.tests.test_new_features.TestApplicationFormHoneypot" name="test_application_without_honeypot" time="0.125" /><testcase classname="backend.tests.test_new_features.TestApplicationFormHoneypot" name="test_application_with_honeypot_blocked" time="0.130" /></testsuite></testsuites>