<?xml version="1.0" encoding="utf-8"?><testsuites name="pytest tests"><testsuite name="pytest" errors="0" failures="0" skipped="0" tests="25" time="4.954" timestamp="2026-03-05T17:35:05.631289+00:00" hostname="agent-env-fa859ed7-06e6-43e7-9703-63d2f5044527"><testcase classname="backend.tests.test_nodejs_api.TestPublicEndpoints" name="test_api_root_returns_message" time="0.175" /><testcase classname="backend.tests.test_nodejs_api.TestPublicEndpoints" name="test_participants_returns_list" time="0.133" /><testcase classname="backend.tests.test_nodejs_api.TestPublicEndpoints" name="test_participant_by_slug" time="0.227" /><testcase classname="backend.tests.test_nodejs_api.TestPublicEndpoints" name="test_participant_not_found" time="0.112" /><testcase classname="backend.tests.test_nodejs_api.TestPublicEndpoints" name="test_reviews_with_limit" time="0.127" /><testcase classname="backend.tests.test_nodejs_api.TestPublicEndpoints" name="test_participant_reviews" time="0.284" /><testcase classname="backend.tests.test_nodejs_api.TestPublicEndpoints" name="test_faq_returns_list" time="0.116" /><testcase classname="backend.tests.test_nodejs_api.TestPublicEndpoints" name="test_pages_home" time="0.151" /><testcase classname="backend.tests.test_nodejs_api.TestPublicEndpoints" name="test_pages_topic" time="0.119" /><testcase classname="backend.tests.test_nodejs_api.TestPublicEndpoints" name="test_seo_home" time="0.112" /><testcase classname="backend.tests.test_nodejs_api.TestPublicEndpoints" name="test_settings_returns_data" time="0.116" /><testcase classname="backend.tests.test_nodejs_api.TestPublicEndpoints" name="test_gallery_photos" time="0.126" /><testcase classname="backend.tests.test_nodejs_api.TestPublicEndpoints" name="test_gallery_videos" time="0.120" /><testcase classname="backend.tests.test_nodejs_api.TestAdminAuth" name="test_admin_login_success" time="0.228" /><testcase classname="backend.tests.test_nodejs_api.TestAdminAuth" name="test_admin_login_wrong_password" time="0.233" /><testcase classname="backend.tests.test_nodejs_api.TestAdminAuth" name="test_admin_login_unknown_user" time="0.126" /><testcase classname="backend.tests.test_nodejs_api.TestAdminProtectedEndpoints" name="test_admin_me_with_token" time="0.341" /><testcase classname="backend.tests.test_nodejs_api.TestAdminProtectedEndpoints" name="test_admin_me_without_token" time="0.122" /><testcase classname="backend.tests.test_nodejs_api.TestAdminProtectedEndpoints" name="test_admin_applications_list" time="0.288" /><testcase classname="backend.tests.test_nodejs_api.TestAdminProtectedEndpoints" name="test_admin_stats" time="0.327" /><testcase classname="backend.tests.test_nodejs_api.TestApplicationSubmission" name="test_submit_application" time="0.590" /><testcase classname="backend.tests.test_nodejs_api.TestApplicationSubmission" name="test_submit_application_validation_error" time="0.109" /><testcase classname="backend.tests.test_nodejs_api.TestApplicationSubmission" name="test_submit_application_honeypot" time="0.162" /><testcase classname="backend.tests.test_nodejs_api.TestBooleanFieldHandling" name="test_participant_is_active_field" time="0.118" /><testcase classname="backend.tests.test_nodejs_api.TestBooleanFieldHandling" name="test_review_is_published_field" time="0.214" /></testsuite></testsuites>