<?xml version="1.0" encoding="utf-8"?><testsuites name="pytest tests"><testsuite name="pytest" errors="0" failures="0" skipped="0" tests="22" time="3.222" timestamp="2026-02-25T18:32:03.061337+00:00" hostname="agent-env-e9f0f4a4-4a0a-4001-9bca-20ab84d90c76"><testcase classname="backend.tests.test_participant_reviews.TestParticipantReviewsPublicAPI" name="test_get_participant_reviews_returns_12[marina-svetlova]" time="0.328" /><testcase classname="backend.tests.test_participant_reviews.TestParticipantReviewsPublicAPI" name="test_get_participant_reviews_returns_12[aleksandr-volkov]" time="0.063" /><testcase classname="backend.tests.test_participant_reviews.TestParticipantReviewsPublicAPI" name="test_get_participant_reviews_returns_12[elena-tarasova]" time="0.074" /><testcase classname="backend.tests.test_participant_reviews.TestParticipantReviewsPublicAPI" name="test_get_participant_reviews_returns_12[dmitriy-karpov]" time="0.074" /><testcase classname="backend.tests.test_participant_reviews.TestParticipantReviewsPublicAPI" name="test_get_participant_reviews_returns_12[natalya-orlova]" time="0.066" /><testcase classname="backend.tests.test_participant_reviews.TestParticipantReviewsPublicAPI" name="test_get_participant_reviews_returns_12[igor-petrov]" time="0.110" /><testcase classname="backend.tests.test_participant_reviews.TestParticipantReviewsPublicAPI" name="test_get_participant_reviews_returns_12[vera-kuznetsova]" time="0.067" /><testcase classname="backend.tests.test_participant_reviews.TestParticipantReviewsPublicAPI" name="test_get_participant_reviews_returns_12[sergey-morozov]" time="0.076" /><testcase classname="backend.tests.test_participant_reviews.TestParticipantReviewsPublicAPI" name="test_reviews_have_required_fields" time="0.069" /><testcase classname="backend.tests.test_participant_reviews.TestParticipantReviewsPublicAPI" name="test_reviews_have_valid_ratings" time="0.197" /><testcase classname="backend.tests.test_participant_reviews.TestParticipantReviewsPublicAPI" name="test_nonexistent_participant_returns_empty_list" time="0.071" /><testcase classname="backend.tests.test_participant_reviews.TestParticipantReviewsPublicAPI" name="test_reviews_only_published" time="0.069" /><testcase classname="backend.tests.test_participant_reviews.TestAdminReviewsAPI" name="test_admin_reviews_list_includes_participant_slug" time="0.394" /><testcase classname="backend.tests.test_participant_reviews.TestAdminReviewsAPI" name="test_create_review_with_participant_slug" time="0.212" /><testcase classname="backend.tests.test_participant_reviews.TestAdminReviewsAPI" name="test_update_review_participant_slug" time="0.308" /><testcase classname="backend.tests.test_participant_reviews.TestAdminReviewsAPI" name="test_create_review_without_participant_slug" time="0.265" /><testcase classname="backend.tests.test_participant_reviews.TestAdminReviewsAPI" name="test_admin_can_filter_reviews_by_participant" time="0.078" /><testcase classname="backend.tests.test_participant_reviews.TestAdminParticipantsAPI" name="test_admin_participants_list_for_filter" time="0.085" /><testcase classname="backend.tests.test_participant_reviews.TestReviewDataIntegrity" name="test_review_texts_are_meaningful" time="0.069" /><testcase classname="backend.tests.test_participant_reviews.TestReviewDataIntegrity" name="test_review_cities_are_populated" time="0.070" /><testcase classname="backend.tests.test_participant_reviews.TestReviewDataIntegrity" name="test_different_participants_have_different_reviews" time="0.178" /><testcase classname="backend.tests.test_participant_reviews.TestCleanup" name="test_cleanup_test_reviews" time="0.151" /></testsuite></testsuites>