<?xml version="1.0" encoding="utf-8"?><testsuites name="pytest tests"><testsuite name="pytest" errors="0" failures="0" skipped="0" tests="11" time="2.099" timestamp="2026-03-11T12:06:36.282811+00:00" hostname="agent-env-fc7a7814-79ac-4d59-a742-1c7c0bffd407"><testcase classname="backend.tests.test_psychic_booking_flow.TestParticipantEndpoint" name="test_get_elena_golunova" time="0.197" /><testcase classname="backend.tests.test_psychic_booking_flow.TestParticipantEndpoint" name="test_get_aleksandr_sheps" time="0.151" /><testcase classname="backend.tests.test_psychic_booking_flow.TestParticipantEndpoint" name="test_get_viktoriya_raidos" time="0.149" /><testcase classname="backend.tests.test_psychic_booking_flow.TestParticipantEndpoint" name="test_get_nadezhda_shevchenko" time="0.126" /><testcase classname="backend.tests.test_psychic_booking_flow.TestParticipantEndpoint" name="test_get_oleg_sheps" time="0.123" /><testcase classname="backend.tests.test_psychic_booking_flow.TestApplicationSubmission" name="test_submit_application_with_psychic" time="0.150" /><testcase classname="backend.tests.test_psychic_booking_flow.TestApplicationSubmission" name="test_submit_application_without_psychic" time="0.137" /><testcase classname="backend.tests.test_psychic_booking_flow.TestApplicationSubmission" name="test_submit_application_with_different_psychic" time="0.207" /><testcase classname="backend.tests.test_psychic_booking_flow.TestAdminApplications" name="test_admin_applications_returns_psychic_fields" time="0.341" /><testcase classname="backend.tests.test_psychic_booking_flow.TestAdminLogin" name="test_admin_login_success" time="0.194" /><testcase classname="backend.tests.test_psychic_booking_flow.TestAdminLogin" name="test_admin_login_failure" time="0.122" /></testsuite></testsuites>