<?xml version="1.0" encoding="utf-8"?><testsuites name="pytest tests"><testsuite name="pytest" errors="0" failures="0" skipped="0" tests="24" time="7.648" timestamp="2026-02-25T13:37:32.882760+00:00" hostname="agent-env-5d847d06-3e16-467f-aec2-382aaa0d3a7c"><testcase classname="backend.tests.test_api.TestPublicEndpoints" name="test_api_root" time="0.355" /><testcase classname="backend.tests.test_api.TestPublicEndpoints" name="test_get_participants" time="0.130" /><testcase classname="backend.tests.test_api.TestPublicEndpoints" name="test_get_participant_by_slug" time="0.155" /><testcase classname="backend.tests.test_api.TestPublicEndpoints" name="test_get_participant_not_found" time="0.130" /><testcase classname="backend.tests.test_api.TestPublicEndpoints" name="test_get_reviews" time="0.131" /><testcase classname="backend.tests.test_api.TestPublicEndpoints" name="test_get_faq" time="0.155" /><testcase classname="backend.tests.test_api.TestPublicEndpoints" name="test_get_settings" time="0.116" /><testcase classname="backend.tests.test_api.TestPublicEndpoints" name="test_get_page_home" time="0.113" /><testcase classname="backend.tests.test_api.TestPublicEndpoints" name="test_get_seo_home" time="0.172" /><testcase classname="backend.tests.test_api.TestFormSubmission" name="test_create_application_success" time="0.112" /><testcase classname="backend.tests.test_api.TestFormSubmission" name="test_create_application_honeypot_blocked" time="0.132" /><testcase classname="backend.tests.test_api.TestFormSubmission" name="test_create_contact_message" time="0.120" /><testcase classname="backend.tests.test_api.TestAdminAuth" name="test_admin_login_success" time="0.369" /><testcase classname="backend.tests.test_api.TestAdminAuth" name="test_admin_login_fail" time="0.345" /><testcase classname="backend.tests.test_api.TestAdminAuth" name="test_admin_me" time="0.479" /><testcase classname="backend.tests.test_api.TestAdminParticipants" name="test_get_admin_participants" time="0.461" /><testcase classname="backend.tests.test_api.TestAdminReviews" name="test_get_admin_reviews" time="0.477" /><testcase classname="backend.tests.test_api.TestAdminFAQ" name="test_get_admin_faq" time="0.483" /><testcase classname="backend.tests.test_api.TestAdminApplications" name="test_get_admin_applications" time="0.495" /><testcase classname="backend.tests.test_api.TestAdminStats" name="test_get_admin_stats" time="0.560" /><testcase classname="backend.tests.test_api.TestAdminSettings" name="test_get_admin_settings" time="0.497" /><testcase classname="backend.tests.test_api.TestAdminSEO" name="test_get_admin_seo" time="0.459" /><testcase classname="backend.tests.test_api.TestAdminPages" name="test_get_admin_pages" time="0.510" /><testcase classname="backend.tests.test_api.TestAdminContacts" name="test_get_admin_contacts" time="0.459" /></testsuite></testsuites>