<?xml version="1.0" encoding="utf-8"?><testsuites name="pytest tests"><testsuite name="pytest" errors="0" failures="0" skipped="0" tests="9" time="0.909" timestamp="2026-06-25T12:50:18.111947+00:00" hostname="agent-env-201faf7e-286a-4e7c-bb53-f447ba6f47c2"><testcase classname="backend.tests.test_restore_verification.TestPublicAPIs" name="test_root_html_serves_spa" time="0.193" /><testcase classname="backend.tests.test_restore_verification.TestPublicAPIs" name="test_pages_topic_porcha" time="0.063" /><testcase classname="backend.tests.test_restore_verification.TestPublicAPIs" name="test_participants_count_is_eight" time="0.057" /><testcase classname="backend.tests.test_restore_verification.TestPublicAPIs" name="test_reviews_endpoint_returns_list" time="0.095" /><testcase classname="backend.tests.test_restore_verification.TestPublicAPIs" name="test_settings_endpoint" time="0.055" /><testcase classname="backend.tests.test_restore_verification.TestSPARoutes" name="test_spa_route_returns_200[/uchastniki/elena-golunova]" time="0.056" /><testcase classname="backend.tests.test_restore_verification.TestSPARoutes" name="test_spa_route_returns_200[/otzyvy]" time="0.061" /><testcase classname="backend.tests.test_restore_verification.TestSPARoutes" name="test_spa_route_returns_200[/admin/login]" time="0.053" /><testcase classname="backend.tests.test_restore_verification.TestAdminAuth" name="test_admin_login_works" time="0.147" /></testsuite></testsuites>