<?xml version="1.0" encoding="utf-8"?><testsuites name="pytest tests"><testsuite name="pytest" errors="0" failures="0" skipped="0" tests="9" time="1.676" timestamp="2026-03-02T15:45:06.883285+00:00" hostname="agent-env-fa859ed7-06e6-43e7-9703-63d2f5044527"><testcase classname="backend.tests.test_reviews_carousel.TestReviewsAPI" name="test_reviews_endpoint_returns_200" time="0.184" /><testcase classname="backend.tests.test_reviews_carousel.TestReviewsAPI" name="test_reviews_returns_list" time="0.162" /><testcase classname="backend.tests.test_reviews_carousel.TestReviewsAPI" name="test_reviews_have_required_fields" time="0.135" /><testcase classname="backend.tests.test_reviews_carousel.TestReviewsAPI" name="test_reviews_have_participant_name_enrichment" time="0.298" /><testcase classname="backend.tests.test_reviews_carousel.TestReviewsAPI" name="test_reviews_limit_parameter" time="0.149" /><testcase classname="backend.tests.test_reviews_carousel.TestReviewsAPI" name="test_reviews_only_published" time="0.123" /><testcase classname="backend.tests.test_reviews_carousel.TestReviewsAPI" name="test_reviews_have_rating_1_to_5" time="0.114" /><testcase classname="backend.tests.test_reviews_carousel.TestOtzyvyRouteRemoved" name="test_otzyvy_api_route_404" time="0.110" /><testcase classname="backend.tests.test_reviews_carousel.TestParticipantReviewsEndpoint" name="test_participant_reviews_endpoint" time="0.227" /></testsuite></testsuites>