<?xml version="1.0" encoding="utf-8"?><testsuites name="pytest tests"><testsuite name="pytest" errors="0" failures="0" skipped="0" tests="83" time="15.993" timestamp="2026-02-25T18:11:45.551021+00:00" hostname="agent-env-e9f0f4a4-4a0a-4001-9bca-20ab84d90c76"><testcase classname="backend.tests.test_service_pages.TestServicePagesAPI" name="test_get_service_page_returns_200[service-finansovaya-magiya]" time="0.256" /><testcase classname="backend.tests.test_service_pages.TestServicePagesAPI" name="test_get_service_page_returns_200[service-lyubovnaya-magiya]" time="0.135" /><testcase classname="backend.tests.test_service_pages.TestServicePagesAPI" name="test_get_service_page_returns_200[service-magiya-zhizni]" time="0.126" /><testcase classname="backend.tests.test_service_pages.TestServicePagesAPI" name="test_get_service_page_returns_200[service-magicheskaya-zashchita]" time="0.121" /><testcase classname="backend.tests.test_service_pages.TestServicePagesAPI" name="test_service_page_has_blocks[service-finansovaya-magiya]" time="0.129" /><testcase classname="backend.tests.test_service_pages.TestServicePagesAPI" name="test_service_page_has_blocks[service-lyubovnaya-magiya]" time="0.223" /><testcase classname="backend.tests.test_service_pages.TestServicePagesAPI" name="test_service_page_has_blocks[service-magiya-zhizni]" time="0.121" /><testcase classname="backend.tests.test_service_pages.TestServicePagesAPI" name="test_service_page_has_blocks[service-magicheskaya-zashchita]" time="0.130" /><testcase classname="backend.tests.test_service_pages.TestServicePagesAPI" name="test_service_page_has_correct_title[service-finansovaya-magiya]" time="0.164" /><testcase classname="backend.tests.test_service_pages.TestServicePagesAPI" name="test_service_page_has_correct_title[service-lyubovnaya-magiya]" time="0.168" /><testcase classname="backend.tests.test_service_pages.TestServicePagesAPI" name="test_service_page_has_correct_title[service-magiya-zhizni]" time="0.106" /><testcase classname="backend.tests.test_service_pages.TestServicePagesAPI" name="test_service_page_has_correct_title[service-magicheskaya-zashchita]" time="0.119" /><testcase classname="backend.tests.test_service_pages.TestServicePagesAPI" name="test_service_page_has_required_blocks[service-finansovaya-magiya]" time="0.129" /><testcase classname="backend.tests.test_service_pages.TestServicePagesAPI" name="test_service_page_has_required_blocks[service-lyubovnaya-magiya]" time="0.212" /><testcase classname="backend.tests.test_service_pages.TestServicePagesAPI" name="test_service_page_has_required_blocks[service-magiya-zhizni]" time="0.154" /><testcase classname="backend.tests.test_service_pages.TestServicePagesAPI" name="test_service_page_has_required_blocks[service-magicheskaya-zashchita]" time="0.152" /><testcase classname="backend.tests.test_service_pages.TestServicePagesAPI" name="test_service_page_description_has_content[service-finansovaya-magiya]" time="0.151" /><testcase classname="backend.tests.test_service_pages.TestServicePagesAPI" name="test_service_page_description_has_content[service-lyubovnaya-magiya]" time="0.281" /><testcase classname="backend.tests.test_service_pages.TestServicePagesAPI" name="test_service_page_description_has_content[service-magiya-zhizni]" time="0.168" /><testcase classname="backend.tests.test_service_pages.TestServicePagesAPI" name="test_service_page_description_has_content[service-magicheskaya-zashchita]" time="0.112" /><testcase classname="backend.tests.test_service_pages.TestServicePagesAPI" name="test_service_page_directions_are_multiline[service-finansovaya-magiya]" time="0.135" /><testcase classname="backend.tests.test_service_pages.TestServicePagesAPI" name="test_service_page_directions_are_multiline[service-lyubovnaya-magiya]" time="0.187" /><testcase classname="backend.tests.test_service_pages.TestServicePagesAPI" name="test_service_page_directions_are_multiline[service-magiya-zhizni]" time="0.110" /><testcase classname="backend.tests.test_service_pages.TestServicePagesAPI" name="test_service_page_directions_are_multiline[service-magicheskaya-zashchita]" time="0.126" /><testcase classname="backend.tests.test_service_pages.TestServicePagesAPI" name="test_service_page_situations_are_multiline[service-finansovaya-magiya]" time="0.138" /><testcase classname="backend.tests.test_service_pages.TestServicePagesAPI" name="test_service_page_situations_are_multiline[service-lyubovnaya-magiya]" time="0.185" /><testcase classname="backend.tests.test_service_pages.TestServicePagesAPI" name="test_service_page_situations_are_multiline[service-magiya-zhizni]" time="0.128" /><testcase classname="backend.tests.test_service_pages.TestServicePagesAPI" name="test_service_page_situations_are_multiline[service-magicheskaya-zashchita]" time="0.137" /><testcase classname="backend.tests.test_service_pages.TestServicePagesAPI" name="test_service_page_how_it_works_steps[service-finansovaya-magiya]" time="0.156" /><testcase classname="backend.tests.test_service_pages.TestServicePagesAPI" name="test_service_page_how_it_works_steps[service-lyubovnaya-magiya]" time="0.126" /><testcase classname="backend.tests.test_service_pages.TestServicePagesAPI" name="test_service_page_how_it_works_steps[service-magiya-zhizni]" time="0.159" /><testcase classname="backend.tests.test_service_pages.TestServicePagesAPI" name="test_service_page_how_it_works_steps[service-magicheskaya-zashchita]" time="0.187" /><testcase classname="backend.tests.test_service_pages.TestServicePagesAPI" name="test_service_page_results_are_multiline[service-finansovaya-magiya]" time="0.147" /><testcase classname="backend.tests.test_service_pages.TestServicePagesAPI" name="test_service_page_results_are_multiline[service-lyubovnaya-magiya]" time="0.199" /><testcase classname="backend.tests.test_service_pages.TestServicePagesAPI" name="test_service_page_results_are_multiline[service-magiya-zhizni]" time="0.143" /><testcase classname="backend.tests.test_service_pages.TestServicePagesAPI" name="test_service_page_results_are_multiline[service-magicheskaya-zashchita]" time="0.127" /><testcase classname="backend.tests.test_service_pages.TestServicePagesAPI" name="test_service_page_cta_fields[service-finansovaya-magiya]" time="0.139" /><testcase classname="backend.tests.test_service_pages.TestServicePagesAPI" name="test_service_page_cta_fields[service-lyubovnaya-magiya]" time="0.113" /><testcase classname="backend.tests.test_service_pages.TestServicePagesAPI" name="test_service_page_cta_fields[service-magiya-zhizni]" time="0.151" /><testcase classname="backend.tests.test_service_pages.TestServicePagesAPI" name="test_service_page_cta_fields[service-magicheskaya-zashchita]" time="0.181" /><testcase classname="backend.tests.test_service_pages.TestServicePagesSEO" name="test_get_seo_returns_200[service-finansovaya-magiya]" time="0.121" /><testcase classname="backend.tests.test_service_pages.TestServicePagesSEO" name="test_get_seo_returns_200[service-lyubovnaya-magiya]" time="0.130" /><testcase classname="backend.tests.test_service_pages.TestServicePagesSEO" name="test_get_seo_returns_200[service-magiya-zhizni]" time="0.158" /><testcase classname="backend.tests.test_service_pages.TestServicePagesSEO" name="test_get_seo_returns_200[service-magicheskaya-zashchita]" time="0.145" /><testcase classname="backend.tests.test_service_pages.TestServicePagesSEO" name="test_seo_has_title[service-finansovaya-magiya]" time="0.143" /><testcase classname="backend.tests.test_service_pages.TestServicePagesSEO" name="test_seo_has_title[service-lyubovnaya-magiya]" time="0.166" /><testcase classname="backend.tests.test_service_pages.TestServicePagesSEO" name="test_seo_has_title[service-magiya-zhizni]" time="0.134" /><testcase classname="backend.tests.test_service_pages.TestServicePagesSEO" name="test_seo_has_title[service-magicheskaya-zashchita]" time="0.148" /><testcase classname="backend.tests.test_service_pages.TestServicePagesSEO" name="test_seo_has_description[service-finansovaya-magiya]" time="0.257" /><testcase classname="backend.tests.test_service_pages.TestServicePagesSEO" name="test_seo_has_description[service-lyubovnaya-magiya]" time="0.205" /><testcase classname="backend.tests.test_service_pages.TestServicePagesSEO" name="test_seo_has_description[service-magiya-zhizni]" time="0.153" /><testcase classname="backend.tests.test_service_pages.TestServicePagesSEO" name="test_seo_has_description[service-magicheskaya-zashchita]" time="0.167" /><testcase classname="backend.tests.test_service_pages.TestServicePagesSEO" name="test_seo_has_keywords[service-finansovaya-magiya]" time="0.165" /><testcase classname="backend.tests.test_service_pages.TestServicePagesSEO" name="test_seo_has_keywords[service-lyubovnaya-magiya]" time="0.146" /><testcase classname="backend.tests.test_service_pages.TestServicePagesSEO" name="test_seo_has_keywords[service-magiya-zhizni]" time="0.196" /><testcase classname="backend.tests.test_service_pages.TestServicePagesSEO" name="test_seo_has_keywords[service-magicheskaya-zashchita]" time="0.119" /><testcase classname="backend.tests.test_service_pages.TestServicePagesSEO" name="test_seo_has_h1[service-finansovaya-magiya]" time="0.114" /><testcase classname="backend.tests.test_service_pages.TestServicePagesSEO" name="test_seo_has_h1[service-lyubovnaya-magiya]" time="0.261" /><testcase classname="backend.tests.test_service_pages.TestServicePagesSEO" name="test_seo_has_h1[service-magiya-zhizni]" time="0.133" /><testcase classname="backend.tests.test_service_pages.TestServicePagesSEO" name="test_seo_has_h1[service-magicheskaya-zashchita]" time="0.176" /><testcase classname="backend.tests.test_service_pages.TestServicePagesSEO" name="test_seo_has_og_fields[service-finansovaya-magiya]" time="0.188" /><testcase classname="backend.tests.test_service_pages.TestServicePagesSEO" name="test_seo_has_og_fields[service-lyubovnaya-magiya]" time="0.119" /><testcase classname="backend.tests.test_service_pages.TestServicePagesSEO" name="test_seo_has_og_fields[service-magiya-zhizni]" time="0.153" /><testcase classname="backend.tests.test_service_pages.TestServicePagesSEO" name="test_seo_has_og_fields[service-magicheskaya-zashchita]" time="0.210" /><testcase classname="backend.tests.test_service_pages.TestServicePagesAdmin" name="test_admin_login_works" time="0.405" /><testcase classname="backend.tests.test_service_pages.TestServicePagesAdmin" name="test_admin_update_page_requires_auth" time="0.206" /><testcase classname="backend.tests.test_service_pages.TestServicePagesAdmin" name="test_admin_update_seo_requires_auth" time="0.176" /><testcase classname="backend.tests.test_service_pages.TestServicePagesAdmin" name="test_admin_can_update_service_page" time="1.039" /><testcase classname="backend.tests.test_service_pages.TestServicePagesAdmin" name="test_admin_can_update_service_seo" time="0.594" /><testcase classname="backend.tests.test_service_pages.TestTopicPagesRegression" name="test_topic_page_still_works[topic-porcha]" time="0.120" /><testcase classname="backend.tests.test_service_pages.TestTopicPagesRegression" name="test_topic_page_still_works[topic-proklyatie]" time="0.155" /><testcase classname="backend.tests.test_service_pages.TestTopicPagesRegression" name="test_topic_page_still_works[topic-sglaz]" time="0.144" /><testcase classname="backend.tests.test_service_pages.TestTopicPagesRegression" name="test_topic_page_still_works[topic-venets-bezbrachiya]" time="0.150" /><testcase classname="backend.tests.test_service_pages.TestTopicPagesRegression" name="test_topic_page_still_works[topic-privorot]" time="0.148" /><testcase classname="backend.tests.test_service_pages.TestTopicPagesRegression" name="test_topic_page_still_works[topic-zaklyatie]" time="0.167" /><testcase classname="backend.tests.test_service_pages.TestTopicPagesRegression" name="test_topic_seo_still_works[topic-porcha]" time="0.145" /><testcase classname="backend.tests.test_service_pages.TestTopicPagesRegression" name="test_topic_seo_still_works[topic-proklyatie]" time="0.189" /><testcase classname="backend.tests.test_service_pages.TestTopicPagesRegression" name="test_topic_seo_still_works[topic-sglaz]" time="0.152" /><testcase classname="backend.tests.test_service_pages.TestTopicPagesRegression" name="test_topic_seo_still_works[topic-venets-bezbrachiya]" time="0.109" /><testcase classname="backend.tests.test_service_pages.TestTopicPagesRegression" name="test_topic_seo_still_works[topic-privorot]" time="0.196" /><testcase classname="backend.tests.test_service_pages.TestTopicPagesRegression" name="test_topic_seo_still_works[topic-zaklyatie]" time="0.160" /><testcase classname="backend.tests.test_service_pages.TestUniqueContent" name="test_all_service_pages_have_unique_descriptions" time="0.892" /><testcase classname="backend.tests.test_service_pages.TestUniqueContent" name="test_all_service_pages_have_unique_seo_titles" time="0.630" /></testsuite></testsuites>