<?xml version="1.0" encoding="utf-8"?><testsuites name="pytest tests"><testsuite name="pytest" errors="0" failures="0" skipped="0" tests="37" time="8.173" timestamp="2026-02-25T17:52:23.363317+00:00" hostname="agent-env-e9f0f4a4-4a0a-4001-9bca-20ab84d90c76"><testcase classname="backend.tests.test_topic_pages.TestTopicPagesPublicAPI" name="test_get_topic_page_content[porcha]" time="0.210" /><testcase classname="backend.tests.test_topic_pages.TestTopicPagesPublicAPI" name="test_get_topic_page_content[proklyatie]" time="0.139" /><testcase classname="backend.tests.test_topic_pages.TestTopicPagesPublicAPI" name="test_get_topic_page_content[sglaz]" time="0.114" /><testcase classname="backend.tests.test_topic_pages.TestTopicPagesPublicAPI" name="test_get_topic_page_content[venets-bezbrachiya]" time="0.161" /><testcase classname="backend.tests.test_topic_pages.TestTopicPagesPublicAPI" name="test_get_topic_page_content[privorot]" time="0.146" /><testcase classname="backend.tests.test_topic_pages.TestTopicPagesPublicAPI" name="test_get_topic_page_content[zaklyatie]" time="0.205" /><testcase classname="backend.tests.test_topic_pages.TestTopicPagesPublicAPI" name="test_get_topic_page_seo[porcha]" time="0.126" /><testcase classname="backend.tests.test_topic_pages.TestTopicPagesPublicAPI" name="test_get_topic_page_seo[proklyatie]" time="0.342" /><testcase classname="backend.tests.test_topic_pages.TestTopicPagesPublicAPI" name="test_get_topic_page_seo[sglaz]" time="0.197" /><testcase classname="backend.tests.test_topic_pages.TestTopicPagesPublicAPI" name="test_get_topic_page_seo[venets-bezbrachiya]" time="0.116" /><testcase classname="backend.tests.test_topic_pages.TestTopicPagesPublicAPI" name="test_get_topic_page_seo[privorot]" time="0.181" /><testcase classname="backend.tests.test_topic_pages.TestTopicPagesPublicAPI" name="test_get_topic_page_seo[zaklyatie]" time="0.164" /><testcase classname="backend.tests.test_topic_pages.TestTopicPagesPublicAPI" name="test_all_topics_have_unique_content" time="0.732" /><testcase classname="backend.tests.test_topic_pages.TestTopicPagesPublicAPI" name="test_topic_page_blocks_structure" time="0.147" /><testcase classname="backend.tests.test_topic_pages.TestTopicPagesAdminAPI" name="test_admin_login" time="0.420" /><testcase classname="backend.tests.test_topic_pages.TestTopicPagesAdminAPI" name="test_admin_update_topic_page_requires_auth" time="0.132" /><testcase classname="backend.tests.test_topic_pages.TestTopicPagesAdminAPI" name="test_admin_update_seo_requires_auth" time="0.137" /><testcase classname="backend.tests.test_topic_pages.TestTopicPagesAdminAPI" name="test_admin_can_update_topic_page" time="0.834" /><testcase classname="backend.tests.test_topic_pages.TestTopicPagesAdminAPI" name="test_admin_can_update_topic_seo" time="0.670" /><testcase classname="backend.tests.test_topic_pages.TestTopicPagesSEOContent" name="test_seo_title_contains_keywords[porcha]" time="0.308" /><testcase classname="backend.tests.test_topic_pages.TestTopicPagesSEOContent" name="test_seo_title_contains_keywords[proklyatie]" time="0.142" /><testcase classname="backend.tests.test_topic_pages.TestTopicPagesSEOContent" name="test_seo_title_contains_keywords[sglaz]" time="0.213" /><testcase classname="backend.tests.test_topic_pages.TestTopicPagesSEOContent" name="test_seo_title_contains_keywords[venets-bezbrachiya]" time="0.247" /><testcase classname="backend.tests.test_topic_pages.TestTopicPagesSEOContent" name="test_seo_title_contains_keywords[privorot]" time="0.120" /><testcase classname="backend.tests.test_topic_pages.TestTopicPagesSEOContent" name="test_seo_title_contains_keywords[zaklyatie]" time="0.123" /><testcase classname="backend.tests.test_topic_pages.TestTopicPagesSEOContent" name="test_seo_description_length[porcha]" time="0.256" /><testcase classname="backend.tests.test_topic_pages.TestTopicPagesSEOContent" name="test_seo_description_length[proklyatie]" time="0.135" /><testcase classname="backend.tests.test_topic_pages.TestTopicPagesSEOContent" name="test_seo_description_length[sglaz]" time="0.112" /><testcase classname="backend.tests.test_topic_pages.TestTopicPagesSEOContent" name="test_seo_description_length[venets-bezbrachiya]" time="0.116" /><testcase classname="backend.tests.test_topic_pages.TestTopicPagesSEOContent" name="test_seo_description_length[privorot]" time="0.116" /><testcase classname="backend.tests.test_topic_pages.TestTopicPagesSEOContent" name="test_seo_description_length[zaklyatie]" time="0.121" /><testcase classname="backend.tests.test_topic_pages.TestTopicPagesSEOContent" name="test_seo_keywords_not_empty[porcha]" time="0.169" /><testcase classname="backend.tests.test_topic_pages.TestTopicPagesSEOContent" name="test_seo_keywords_not_empty[proklyatie]" time="0.138" /><testcase classname="backend.tests.test_topic_pages.TestTopicPagesSEOContent" name="test_seo_keywords_not_empty[sglaz]" time="0.129" /><testcase classname="backend.tests.test_topic_pages.TestTopicPagesSEOContent" name="test_seo_keywords_not_empty[venets-bezbrachiya]" time="0.109" /><testcase classname="backend.tests.test_topic_pages.TestTopicPagesSEOContent" name="test_seo_keywords_not_empty[privorot]" time="0.131" /><testcase classname="backend.tests.test_topic_pages.TestTopicPagesSEOContent" name="test_seo_keywords_not_empty[zaklyatie]" time="0.139" /></testsuite></testsuites>